[4188] 02 Jul 20:35:42.915 # Creating Server TCP listening socket 127.0.0.1:7010: bind: No error
[8436] 02 Jul 20:38:14.306 # Creating Server TCP listening socket 127.0.0.1:7010: bind: No error
[13844] 02 Jul 20:45:07.319 # Creating Server TCP listening socket 127.0.0.1:7010: bind: No error
[19068] 02 Jul 20:46:46.490 * No cluster configuration found, I'm 8bcbdc545f28821dc962f86d8e737f44d3a7e085
                _._                                                  
           _.-``__ ''-._                                             
      _.-``    `.  `_.  ''-._           Redis 3.2.100 (00000000/0) 64 bit
  .-`` .-```.  ```\/    _.,_ ''-._                                   
 (    '      ,       .-`  | `,    )     Running in cluster mode
 |`-._`-...-` __...-.``-._|'` _.-'|     Port: 7011
 |    `-._   `._    /     _.-'    |     PID: 19068
  `-._    `-._  `-./  _.-'    _.-'                                   
 |`-._`-._    `-.__.-'    _.-'_.-'|                                  
 |    `-._`-._        _.-'_.-'    |           http://redis.io        
  `-._    `-._`-.__.-'_.-'    _.-'                                   
 |`-._`-._    `-.__.-'    _.-'_.-'|                                  
 |    `-._`-._        _.-'_.-'    |                                  
  `-._    `-._`-.__.-'_.-'    _.-'                                   
      `-._    `-.__.-'    _.-'                                       
          `-._        _.-'                                           
              `-.__.-'                                               

[19068] 02 Jul 20:46:46.532 # Server started, Redis version 3.2.100
[19068] 02 Jul 20:46:46.532 * The server is now ready to accept connections on port 7011
[19772] 02 Jul 20:48:50.154 * Node configuration loaded, I'm 8bcbdc545f28821dc962f86d8e737f44d3a7e085
                _._                                                  
           _.-``__ ''-._                                             
      _.-``    `.  `_.  ''-._           Redis 3.2.100 (00000000/0) 64 bit
  .-`` .-```.  ```\/    _.,_ ''-._                                   
 (    '      ,       .-`  | `,    )     Running in cluster mode
 |`-._`-...-` __...-.``-._|'` _.-'|     Port: 7011
 |    `-._   `._    /     _.-'    |     PID: 19772
  `-._    `-._  `-./  _.-'    _.-'                                   
 |`-._`-._    `-.__.-'    _.-'_.-'|                                  
 |    `-._`-._        _.-'_.-'    |           http://redis.io        
  `-._    `-._`-.__.-'_.-'    _.-'                                   
 |`-._`-._    `-.__.-'    _.-'_.-'|                                  
 |    `-._`-._        _.-'_.-'    |                                  
  `-._    `-._`-.__.-'_.-'    _.-'                                   
      `-._    `-.__.-'    _.-'                                       
          `-._        _.-'                                           
              `-.__.-'                                               

[19772] 02 Jul 20:48:50.154 # Server started, Redis version 3.2.100
[19772] 02 Jul 20:48:50.154 * The server is now ready to accept connections on port 7011
[3236] 02 Jul 20:49:06.773 * Node configuration loaded, I'm 8bcbdc545f28821dc962f86d8e737f44d3a7e085
                _._                                                  
           _.-``__ ''-._                                             
      _.-``    `.  `_.  ''-._           Redis 3.2.100 (00000000/0) 64 bit
  .-`` .-```.  ```\/    _.,_ ''-._                                   
 (    '      ,       .-`  | `,    )     Running in cluster mode
 |`-._`-...-` __...-.``-._|'` _.-'|     Port: 7011
 |    `-._   `._    /     _.-'    |     PID: 3236
  `-._    `-._  `-./  _.-'    _.-'                                   
 |`-._`-._    `-.__.-'    _.-'_.-'|                                  
 |    `-._`-._        _.-'_.-'    |           http://redis.io        
  `-._    `-._`-.__.-'_.-'    _.-'                                   
 |`-._`-._    `-.__.-'    _.-'_.-'|                                  
 |    `-._`-._        _.-'_.-'    |                                  
  `-._    `-._`-.__.-'_.-'    _.-'                                   
      `-._    `-.__.-'    _.-'                                       
          `-._        _.-'                                           
              `-.__.-'                                               

[3236] 02 Jul 20:49:06.773 # Server started, Redis version 3.2.100
[3236] 02 Jul 20:49:06.774 * The server is now ready to accept connections on port 7011
[18308] 02 Jul 20:49:34.741 * Node configuration loaded, I'm 8bcbdc545f28821dc962f86d8e737f44d3a7e085
                _._                                                  
           _.-``__ ''-._                                             
      _.-``    `.  `_.  ''-._           Redis 3.2.100 (00000000/0) 64 bit
  .-`` .-```.  ```\/    _.,_ ''-._                                   
 (    '      ,       .-`  | `,    )     Running in cluster mode
 |`-._`-...-` __...-.``-._|'` _.-'|     Port: 7011
 |    `-._   `._    /     _.-'    |     PID: 18308
  `-._    `-._  `-./  _.-'    _.-'                                   
 |`-._`-._    `-.__.-'    _.-'_.-'|                                  
 |    `-._`-._        _.-'_.-'    |           http://redis.io        
  `-._    `-._`-.__.-'_.-'    _.-'                                   
 |`-._`-._    `-.__.-'    _.-'_.-'|                                  
 |    `-._`-._        _.-'_.-'    |                                  
  `-._    `-._`-.__.-'_.-'    _.-'                                   
      `-._    `-.__.-'    _.-'                                       
          `-._        _.-'                                           
              `-.__.-'                                               

[18308] 02 Jul 20:49:34.741 # Server started, Redis version 3.2.100
[18308] 02 Jul 20:49:34.741 * The server is now ready to accept connections on port 7011
[4280] 02 Jul 20:54:25.635 * Node configuration loaded, I'm 8bcbdc545f28821dc962f86d8e737f44d3a7e085
                _._                                                  
           _.-``__ ''-._                                             
      _.-``    `.  `_.  ''-._           Redis 3.2.100 (00000000/0) 64 bit
  .-`` .-```.  ```\/    _.,_ ''-._                                   
 (    '      ,       .-`  | `,    )     Running in cluster mode
 |`-._`-...-` __...-.``-._|'` _.-'|     Port: 7011
 |    `-._   `._    /     _.-'    |     PID: 4280
  `-._    `-._  `-./  _.-'    _.-'                                   
 |`-._`-._    `-.__.-'    _.-'_.-'|                                  
 |    `-._`-._        _.-'_.-'    |           http://redis.io        
  `-._    `-._`-.__.-'_.-'    _.-'                                   
 |`-._`-._    `-.__.-'    _.-'_.-'|                                  
 |    `-._`-._        _.-'_.-'    |                                  
  `-._    `-._`-.__.-'_.-'    _.-'                                   
      `-._    `-.__.-'    _.-'                                       
          `-._        _.-'                                           
              `-.__.-'                                               

[4280] 02 Jul 20:54:25.636 # Server started, Redis version 3.2.100
[4280] 02 Jul 20:54:25.636 * The server is now ready to accept connections on port 7011
[4204] 03 Jul 19:02:14.034 * Node configuration loaded, I'm 8bcbdc545f28821dc962f86d8e737f44d3a7e085
                _._                                                  
           _.-``__ ''-._                                             
      _.-``    `.  `_.  ''-._           Redis 3.2.100 (00000000/0) 64 bit
  .-`` .-```.  ```\/    _.,_ ''-._                                   
 (    '      ,       .-`  | `,    )     Running in cluster mode
 |`-._`-...-` __...-.``-._|'` _.-'|     Port: 7011
 |    `-._   `._    /     _.-'    |     PID: 4204
  `-._    `-._  `-./  _.-'    _.-'                                   
 |`-._`-._    `-.__.-'    _.-'_.-'|                                  
 |    `-._`-._        _.-'_.-'    |           http://redis.io        
  `-._    `-._`-.__.-'_.-'    _.-'                                   
 |`-._`-._    `-.__.-'    _.-'_.-'|                                  
 |    `-._`-._        _.-'_.-'    |                                  
  `-._    `-._`-.__.-'_.-'    _.-'                                   
      `-._    `-.__.-'    _.-'                                       
          `-._        _.-'                                           
              `-.__.-'                                               

[4204] 03 Jul 19:02:14.035 # Server started, Redis version 3.2.100
[4204] 03 Jul 19:02:14.036 * The server is now ready to accept connections on port 7011
