[16780] 02 Jul 20:00:12.330 * No cluster configuration found, I'm 37142f3531d1ec16385c3300e5a8c159075e37a1
                _._                                                  
           _.-``__ ''-._                                             
      _.-``    `.  `_.  ''-._           Redis 3.2.100 (00000000/0) 64 bit
  .-`` .-```.  ```\/    _.,_ ''-._                                   
 (    '      ,       .-`  | `,    )     Running in cluster mode
 |`-._`-...-` __...-.``-._|'` _.-'|     Port: 7010
 |    `-._   `._    /     _.-'    |     PID: 16780
  `-._    `-._  `-./  _.-'    _.-'                                   
 |`-._`-._    `-.__.-'    _.-'_.-'|                                  
 |    `-._`-._        _.-'_.-'    |           http://redis.io        
  `-._    `-._`-.__.-'_.-'    _.-'                                   
 |`-._`-._    `-.__.-'    _.-'_.-'|                                  
 |    `-._`-._        _.-'_.-'    |                                  
  `-._    `-._`-.__.-'_.-'    _.-'                                   
      `-._    `-.__.-'    _.-'                                       
          `-._        _.-'                                           
              `-.__.-'                                               

[16780] 02 Jul 20:00:12.352 # Server started, Redis version 3.2.100
[16780] 02 Jul 20:00:12.352 * The server is now ready to accept connections on port 7010
[16780] 02 Jul 20:00:25.840 # User requested shutdown...
[16780] 02 Jul 20:00:25.840 # Redis is now ready to exit, bye bye...
[19160] 02 Jul 20:00:28.473 * Node configuration loaded, I'm 37142f3531d1ec16385c3300e5a8c159075e37a1
                _._                                                  
           _.-``__ ''-._                                             
      _.-``    `.  `_.  ''-._           Redis 3.2.100 (00000000/0) 64 bit
  .-`` .-```.  ```\/    _.,_ ''-._                                   
 (    '      ,       .-`  | `,    )     Running in cluster mode
 |`-._`-...-` __...-.``-._|'` _.-'|     Port: 7010
 |    `-._   `._    /     _.-'    |     PID: 19160
  `-._    `-._  `-./  _.-'    _.-'                                   
 |`-._`-._    `-.__.-'    _.-'_.-'|                                  
 |    `-._`-._        _.-'_.-'    |           http://redis.io        
  `-._    `-._`-.__.-'_.-'    _.-'                                   
 |`-._`-._    `-.__.-'    _.-'_.-'|                                  
 |    `-._`-._        _.-'_.-'    |                                  
  `-._    `-._`-.__.-'_.-'    _.-'                                   
      `-._    `-.__.-'    _.-'                                       
          `-._        _.-'                                           
              `-.__.-'                                               

[19160] 02 Jul 20:00:28.473 # Server started, Redis version 3.2.100
[19160] 02 Jul 20:00:28.474 * The server is now ready to accept connections on port 7010
[19160] 02 Jul 20:01:44.617 # User requested shutdown...
[19160] 02 Jul 20:01:44.617 # Redis is now ready to exit, bye bye...
[18660] 02 Jul 20:04:22.810 * Node configuration loaded, I'm 37142f3531d1ec16385c3300e5a8c159075e37a1
                _._                                                  
           _.-``__ ''-._                                             
      _.-``    `.  `_.  ''-._           Redis 3.2.100 (00000000/0) 64 bit
  .-`` .-```.  ```\/    _.,_ ''-._                                   
 (    '      ,       .-`  | `,    )     Running in cluster mode
 |`-._`-...-` __...-.``-._|'` _.-'|     Port: 7010
 |    `-._   `._    /     _.-'    |     PID: 18660
  `-._    `-._  `-./  _.-'    _.-'                                   
 |`-._`-._    `-.__.-'    _.-'_.-'|                                  
 |    `-._`-._        _.-'_.-'    |           http://redis.io        
  `-._    `-._`-.__.-'_.-'    _.-'                                   
 |`-._`-._    `-.__.-'    _.-'_.-'|                                  
 |    `-._`-._        _.-'_.-'    |                                  
  `-._    `-._`-.__.-'_.-'    _.-'                                   
      `-._    `-.__.-'    _.-'                                       
          `-._        _.-'                                           
              `-.__.-'                                               

[18660] 02 Jul 20:04:22.810 # Server started, Redis version 3.2.100
[18660] 02 Jul 20:04:22.810 * The server is now ready to accept connections on port 7010
[18660] 02 Jul 20:04:54.454 # User requested shutdown...
[18660] 02 Jul 20:04:54.454 * Saving the final RDB snapshot before exiting.
[18660] 02 Jul 20:04:54.486 * DB saved on disk
[18660] 02 Jul 20:04:54.486 # Redis is now ready to exit, bye bye...
[19160] 02 Jul 20:07:40.881 * Node configuration loaded, I'm 37142f3531d1ec16385c3300e5a8c159075e37a1
                _._                                                  
           _.-``__ ''-._                                             
      _.-``    `.  `_.  ''-._           Redis 3.2.100 (00000000/0) 64 bit
  .-`` .-```.  ```\/    _.,_ ''-._                                   
 (    '      ,       .-`  | `,    )     Running in cluster mode
 |`-._`-...-` __...-.``-._|'` _.-'|     Port: 7010
 |    `-._   `._    /     _.-'    |     PID: 19160
  `-._    `-._  `-./  _.-'    _.-'                                   
 |`-._`-._    `-.__.-'    _.-'_.-'|                                  
 |    `-._`-._        _.-'_.-'    |           http://redis.io        
  `-._    `-._`-.__.-'_.-'    _.-'                                   
 |`-._`-._    `-.__.-'    _.-'_.-'|                                  
 |    `-._`-._        _.-'_.-'    |                                  
  `-._    `-._`-.__.-'_.-'    _.-'                                   
      `-._    `-.__.-'    _.-'                                       
          `-._        _.-'                                           
              `-.__.-'                                               

[19160] 02 Jul 20:07:40.882 # Server started, Redis version 3.2.100
[19160] 02 Jul 20:07:40.882 * DB loaded from disk: 0.000 seconds
[19160] 02 Jul 20:07:40.882 * The server is now ready to accept connections on port 7010
[19160] 02 Jul 20:08:11.020 # User requested shutdown...
[19160] 02 Jul 20:08:11.020 * Saving the final RDB snapshot before exiting.
[19160] 02 Jul 20:08:11.056 * DB saved on disk
[19160] 02 Jul 20:08:11.056 # Redis is now ready to exit, bye bye...
[16496] 02 Jul 20:08:44.852 * Node configuration loaded, I'm 37142f3531d1ec16385c3300e5a8c159075e37a1
                _._                                                  
           _.-``__ ''-._                                             
      _.-``    `.  `_.  ''-._           Redis 3.2.100 (00000000/0) 64 bit
  .-`` .-```.  ```\/    _.,_ ''-._                                   
 (    '      ,       .-`  | `,    )     Running in cluster mode
 |`-._`-...-` __...-.``-._|'` _.-'|     Port: 7010
 |    `-._   `._    /     _.-'    |     PID: 16496
  `-._    `-._  `-./  _.-'    _.-'                                   
 |`-._`-._    `-.__.-'    _.-'_.-'|                                  
 |    `-._`-._        _.-'_.-'    |           http://redis.io        
  `-._    `-._`-.__.-'_.-'    _.-'                                   
 |`-._`-._    `-.__.-'    _.-'_.-'|                                  
 |    `-._`-._        _.-'_.-'    |                                  
  `-._    `-._`-.__.-'_.-'    _.-'                                   
      `-._    `-.__.-'    _.-'                                       
          `-._        _.-'                                           
              `-.__.-'                                               

[16496] 02 Jul 20:08:44.852 # Server started, Redis version 3.2.100
[16496] 02 Jul 20:08:44.853 * The server is now ready to accept connections on port 7010
[16496] 02 Jul 20:08:52.390 # User requested shutdown...
[16496] 02 Jul 20:08:52.390 * Saving the final RDB snapshot before exiting.
[16496] 02 Jul 20:08:52.416 * DB saved on disk
[16496] 02 Jul 20:08:52.417 # Redis is now ready to exit, bye bye...
[1284] 02 Jul 20:21:01.274 * Node configuration loaded, I'm 37142f3531d1ec16385c3300e5a8c159075e37a1
                _._                                                  
           _.-``__ ''-._                                             
      _.-``    `.  `_.  ''-._           Redis 3.2.100 (00000000/0) 64 bit
  .-`` .-```.  ```\/    _.,_ ''-._                                   
 (    '      ,       .-`  | `,    )     Running in cluster mode
 |`-._`-...-` __...-.``-._|'` _.-'|     Port: 7010
 |    `-._   `._    /     _.-'    |     PID: 1284
  `-._    `-._  `-./  _.-'    _.-'                                   
 |`-._`-._    `-.__.-'    _.-'_.-'|                                  
 |    `-._`-._        _.-'_.-'    |           http://redis.io        
  `-._    `-._`-.__.-'_.-'    _.-'                                   
 |`-._`-._    `-.__.-'    _.-'_.-'|                                  
 |    `-._`-._        _.-'_.-'    |                                  
  `-._    `-._`-.__.-'_.-'    _.-'                                   
      `-._    `-.__.-'    _.-'                                       
          `-._        _.-'                                           
              `-.__.-'                                               

[1284] 02 Jul 20:21:01.275 # Server started, Redis version 3.2.100
[1284] 02 Jul 20:21:01.275 * The server is now ready to accept connections on port 7010
[1284] 02 Jul 20:21:07.324 # User requested shutdown...
[1284] 02 Jul 20:21:07.324 * Saving the final RDB snapshot before exiting.
[1284] 02 Jul 20:21:07.347 * DB saved on disk
[1284] 02 Jul 20:21:07.347 # Redis is now ready to exit, bye bye...
[3624] 02 Jul 20:26:37.847 # HandleServiceCommands: system error caught. error code=1073, message = CreateService failed: unknown error

[10944] 02 Jul 20:35:42.901 * Node configuration loaded, I'm 37142f3531d1ec16385c3300e5a8c159075e37a1
                _._                                                  
           _.-``__ ''-._                                             
      _.-``    `.  `_.  ''-._           Redis 3.2.100 (00000000/0) 64 bit
  .-`` .-```.  ```\/    _.,_ ''-._                                   
 (    '      ,       .-`  | `,    )     Running in cluster mode
 |`-._`-...-` __...-.``-._|'` _.-'|     Port: 7010
 |    `-._   `._    /     _.-'    |     PID: 10944
  `-._    `-._  `-./  _.-'    _.-'                                   
 |`-._`-._    `-.__.-'    _.-'_.-'|                                  
 |    `-._`-._        _.-'_.-'    |           http://redis.io        
  `-._    `-._`-.__.-'_.-'    _.-'                                   
 |`-._`-._    `-.__.-'    _.-'_.-'|                                  
 |    `-._`-._        _.-'_.-'    |                                  
  `-._    `-._`-.__.-'_.-'    _.-'                                   
      `-._    `-.__.-'    _.-'                                       
          `-._        _.-'                                           
              `-.__.-'                                               

[10944] 02 Jul 20:35:42.901 # Server started, Redis version 3.2.100
[10944] 02 Jul 20:35:42.901 * DB loaded from disk: 0.000 seconds
[10944] 02 Jul 20:35:42.901 * The server is now ready to accept connections on port 7010
[14072] 02 Jul 20:38:14.307 * Node configuration loaded, I'm 37142f3531d1ec16385c3300e5a8c159075e37a1
                _._                                                  
           _.-``__ ''-._                                             
      _.-``    `.  `_.  ''-._           Redis 3.2.100 (00000000/0) 64 bit
  .-`` .-```.  ```\/    _.,_ ''-._                                   
 (    '      ,       .-`  | `,    )     Running in cluster mode
 |`-._`-...-` __...-.``-._|'` _.-'|     Port: 7010
 |    `-._   `._    /     _.-'    |     PID: 14072
  `-._    `-._  `-./  _.-'    _.-'                                   
 |`-._`-._    `-.__.-'    _.-'_.-'|                                  
 |    `-._`-._        _.-'_.-'    |           http://redis.io        
  `-._    `-._`-.__.-'_.-'    _.-'                                   
 |`-._`-._    `-.__.-'    _.-'_.-'|                                  
 |    `-._`-._        _.-'_.-'    |                                  
  `-._    `-._`-.__.-'_.-'    _.-'                                   
      `-._    `-.__.-'    _.-'                                       
          `-._        _.-'                                           
              `-.__.-'                                               

[14072] 02 Jul 20:38:14.307 # Server started, Redis version 3.2.100
[14072] 02 Jul 20:38:14.307 * DB loaded from disk: 0.000 seconds
[14072] 02 Jul 20:38:14.307 * The server is now ready to accept connections on port 7010
[17576] 02 Jul 20:45:07.306 * Node configuration loaded, I'm 37142f3531d1ec16385c3300e5a8c159075e37a1
                _._                                                  
           _.-``__ ''-._                                             
      _.-``    `.  `_.  ''-._           Redis 3.2.100 (00000000/0) 64 bit
  .-`` .-```.  ```\/    _.,_ ''-._                                   
 (    '      ,       .-`  | `,    )     Running in cluster mode
 |`-._`-...-` __...-.``-._|'` _.-'|     Port: 7010
 |    `-._   `._    /     _.-'    |     PID: 17576
  `-._    `-._  `-./  _.-'    _.-'                                   
 |`-._`-._    `-.__.-'    _.-'_.-'|                                  
 |    `-._`-._        _.-'_.-'    |           http://redis.io        
  `-._    `-._`-.__.-'_.-'    _.-'                                   
 |`-._`-._    `-.__.-'    _.-'_.-'|                                  
 |    `-._`-._        _.-'_.-'    |                                  
  `-._    `-._`-.__.-'_.-'    _.-'                                   
      `-._    `-.__.-'    _.-'                                       
          `-._        _.-'                                           
              `-.__.-'                                               

[17576] 02 Jul 20:45:07.306 # Server started, Redis version 3.2.100
[17576] 02 Jul 20:45:07.306 * DB loaded from disk: 0.000 seconds
[17576] 02 Jul 20:45:07.306 * The server is now ready to accept connections on port 7010
[18200] 02 Jul 20:46:46.466 * Node configuration loaded, I'm 37142f3531d1ec16385c3300e5a8c159075e37a1
                _._                                                  
           _.-``__ ''-._                                             
      _.-``    `.  `_.  ''-._           Redis 3.2.100 (00000000/0) 64 bit
  .-`` .-```.  ```\/    _.,_ ''-._                                   
 (    '      ,       .-`  | `,    )     Running in cluster mode
 |`-._`-...-` __...-.``-._|'` _.-'|     Port: 7010
 |    `-._   `._    /     _.-'    |     PID: 18200
  `-._    `-._  `-./  _.-'    _.-'                                   
 |`-._`-._    `-.__.-'    _.-'_.-'|                                  
 |    `-._`-._        _.-'_.-'    |           http://redis.io        
  `-._    `-._`-.__.-'_.-'    _.-'                                   
 |`-._`-._    `-.__.-'    _.-'_.-'|                                  
 |    `-._`-._        _.-'_.-'    |                                  
  `-._    `-._`-.__.-'_.-'    _.-'                                   
      `-._    `-.__.-'    _.-'                                       
          `-._        _.-'                                           
              `-.__.-'                                               

[18200] 02 Jul 20:46:46.467 # Server started, Redis version 3.2.100
[18200] 02 Jul 20:46:46.467 * DB loaded from disk: 0.000 seconds
[18200] 02 Jul 20:46:46.467 * The server is now ready to accept connections on port 7010
[19628] 02 Jul 20:48:50.134 * Node configuration loaded, I'm 37142f3531d1ec16385c3300e5a8c159075e37a1
                _._                                                  
           _.-``__ ''-._                                             
      _.-``    `.  `_.  ''-._           Redis 3.2.100 (00000000/0) 64 bit
  .-`` .-```.  ```\/    _.,_ ''-._                                   
 (    '      ,       .-`  | `,    )     Running in cluster mode
 |`-._`-...-` __...-.``-._|'` _.-'|     Port: 7010
 |    `-._   `._    /     _.-'    |     PID: 19628
  `-._    `-._  `-./  _.-'    _.-'                                   
 |`-._`-._    `-.__.-'    _.-'_.-'|                                  
 |    `-._`-._        _.-'_.-'    |           http://redis.io        
  `-._    `-._`-.__.-'_.-'    _.-'                                   
 |`-._`-._    `-.__.-'    _.-'_.-'|                                  
 |    `-._`-._        _.-'_.-'    |                                  
  `-._    `-._`-.__.-'_.-'    _.-'                                   
      `-._    `-.__.-'    _.-'                                       
          `-._        _.-'                                           
              `-.__.-'                                               

[19628] 02 Jul 20:48:50.135 # Server started, Redis version 3.2.100
[19628] 02 Jul 20:48:50.135 * DB loaded from disk: 0.000 seconds
[19628] 02 Jul 20:48:50.135 * The server is now ready to accept connections on port 7010
[12752] 02 Jul 20:49:06.759 * Node configuration loaded, I'm 37142f3531d1ec16385c3300e5a8c159075e37a1
                _._                                                  
           _.-``__ ''-._                                             
      _.-``    `.  `_.  ''-._           Redis 3.2.100 (00000000/0) 64 bit
  .-`` .-```.  ```\/    _.,_ ''-._                                   
 (    '      ,       .-`  | `,    )     Running in cluster mode
 |`-._`-...-` __...-.``-._|'` _.-'|     Port: 7010
 |    `-._   `._    /     _.-'    |     PID: 12752
  `-._    `-._  `-./  _.-'    _.-'                                   
 |`-._`-._    `-.__.-'    _.-'_.-'|                                  
 |    `-._`-._        _.-'_.-'    |           http://redis.io        
  `-._    `-._`-.__.-'_.-'    _.-'                                   
 |`-._`-._    `-.__.-'    _.-'_.-'|                                  
 |    `-._`-._        _.-'_.-'    |                                  
  `-._    `-._`-.__.-'_.-'    _.-'                                   
      `-._    `-.__.-'    _.-'                                       
          `-._        _.-'                                           
              `-.__.-'                                               

[12752] 02 Jul 20:49:06.760 # Server started, Redis version 3.2.100
[12752] 02 Jul 20:49:06.760 * DB loaded from disk: 0.000 seconds
[12752] 02 Jul 20:49:06.760 * The server is now ready to accept connections on port 7010
[19664] 02 Jul 20:54:25.612 * Node configuration loaded, I'm 37142f3531d1ec16385c3300e5a8c159075e37a1
                _._                                                  
           _.-``__ ''-._                                             
      _.-``    `.  `_.  ''-._           Redis 3.2.100 (00000000/0) 64 bit
  .-`` .-```.  ```\/    _.,_ ''-._                                   
 (    '      ,       .-`  | `,    )     Running in cluster mode
 |`-._`-...-` __...-.``-._|'` _.-'|     Port: 7010
 |    `-._   `._    /     _.-'    |     PID: 19664
  `-._    `-._  `-./  _.-'    _.-'                                   
 |`-._`-._    `-.__.-'    _.-'_.-'|                                  
 |    `-._`-._        _.-'_.-'    |           http://redis.io        
  `-._    `-._`-.__.-'_.-'    _.-'                                   
 |`-._`-._    `-.__.-'    _.-'_.-'|                                  
 |    `-._`-._        _.-'_.-'    |                                  
  `-._    `-._`-.__.-'_.-'    _.-'                                   
      `-._    `-.__.-'    _.-'                                       
          `-._        _.-'                                           
              `-.__.-'                                               

[19664] 02 Jul 20:54:25.613 # Server started, Redis version 3.2.100
[19664] 02 Jul 20:54:25.613 * DB loaded from disk: 0.000 seconds
[19664] 02 Jul 20:54:25.613 * The server is now ready to accept connections on port 7010
[20112] 03 Jul 19:02:14.034 * Node configuration loaded, I'm 37142f3531d1ec16385c3300e5a8c159075e37a1
                _._                                                  
           _.-``__ ''-._                                             
      _.-``    `.  `_.  ''-._           Redis 3.2.100 (00000000/0) 64 bit
  .-`` .-```.  ```\/    _.,_ ''-._                                   
 (    '      ,       .-`  | `,    )     Running in cluster mode
 |`-._`-...-` __...-.``-._|'` _.-'|     Port: 7010
 |    `-._   `._    /     _.-'    |     PID: 20112
  `-._    `-._  `-./  _.-'    _.-'                                   
 |`-._`-._    `-.__.-'    _.-'_.-'|                                  
 |    `-._`-._        _.-'_.-'    |           http://redis.io        
  `-._    `-._`-.__.-'_.-'    _.-'                                   
 |`-._`-._    `-.__.-'    _.-'_.-'|                                  
 |    `-._`-._        _.-'_.-'    |                                  
  `-._    `-._`-.__.-'_.-'    _.-'                                   
      `-._    `-.__.-'    _.-'                                       
          `-._        _.-'                                           
              `-.__.-'                                               

[20112] 03 Jul 19:02:14.035 # Server started, Redis version 3.2.100
[20112] 03 Jul 19:02:14.038 * DB loaded from disk: 0.003 seconds
[20112] 03 Jul 19:02:14.038 * The server is now ready to accept connections on port 7010
